<?xml version="1.0" encoding="UTF-8"?>
<testsuite name="tests.FlowTest" tests="1" skipped="0" failures="0" errors="0" timestamp="2020-08-08T07:54:36" hostname="DESKTOP-U59BQK3" time="14.455">
  <properties/>
  <testcase name="loginTest()" classname="tests.FlowTest" time="14.455"/>
  <system-out><![CDATA[]]></system-out>
  <system-err><![CDATA[Starting ChromeDriver 84.0.4147.30 (48b3e868b4cc0aa7e8149519690b6f6949e110a8-refs/branch-heads/4147@{#310}) on port 15931
Only local connections are allowed.
Please see https://chromedriver.chromium.org/security-considerations for suggestions on keeping ChromeDriver safe.
ChromeDriver was started successfully.
авг 08, 2020 10:54:42 AM org.openqa.selenium.remote.ProtocolHandshake createSession
INFO: Detected dialect: W3C
]]></system-err>
</testsuite>
